<?xml version="1.0"?>
<component name="com.leroymerlin.common.core.type.test">
  
  <extension target="org.nuxeo.ecm.core.schema.TypeService"
             point="doctype">
    <doctype name="DocumentWithTheme" extends="OrderedFolder">
      <schema name="files"/>
      <schema name="commonTheme"/>
    </doctype>
  </extension>
  
  
   <extension target="org.nuxeo.ecm.core.schema.TypeService"
             point="doctype">
    <doctype name="DocumentWithFiles" extends="OrderedFolder">
      <schema name="files"/>
    </doctype>
  </extension>

</component>
